
> layana-boutique@0.1.0 build
> next build

Ôû▓ Next.js 16.2.1 (Turbopack)
- Environments: .env.local

ÔÜá The "middleware" file convention is deprecated. Please use "proxy" instead. Learn more: https://nextjs.org/docs/messages/middleware-to-proxy
  Creating an optimized production build ...
Ô£ô Compiled successfully in 4.4s
  Running TypeScript ...
  Finished TypeScript in 4.5s ...
  Collecting page data using 11 workers ...
  Generating static pages using 11 workers (0/14) ...
  Generating static pages using 11 workers (3/14) 
  Generating static pages using 11 workers (6/14) 
  Generating static pages using 11 workers (10/14) 
Ô£ô Generating static pages using 11 workers (14/14) in 1934ms
  Finalizing page optimization ...

Route (app)
Ôöî Ôùï /
Ôö£ Ôùï /_not-found
Ôö£ Ôùï /account
Ôö£ Ôùï /account/addresses
Ôö£ ãÆ /admin/catalog
Ôö£ ãÆ /admin/catalog/[id]/edit
Ôö£ Ôùï /admin/catalog/new
Ôö£ ãÆ /api/auth/logout
Ôö£ ãÆ /api/auth/session
Ôö£ Ôùï /cart
Ôö£ Ôùï /forgot-password
Ôö£ Ôùï /login
Ôö£ ãÆ /product/[id]
Ôö£ Ôùï /ready-to-wear
Ôöö Ôùï /signup


ãÆ Proxy (Middleware)

Ôùï  (Static)   prerendered as static content
ãÆ  (Dynamic)  server-rendered on demand

